2025-11-19 09:51:01.504 +01:00 [INF] Now listening on: http://localhost:5000
2025-11-19 09:51:01.524 +01:00 [INF] Application started. Press Ctrl+C to shut down.
2025-11-19 09:51:01.527 +01:00 [INF] Hosting environment: Development
2025-11-19 09:51:01.530 +01:00 [INF] Content root path: C:\Users\stian\Documents\IT\Health_App_react
2025-11-19 09:51:01.879 +01:00 [INF] Request starting HTTP/1.1 GET http://localhost:5000/swagger - null null
2025-11-19 09:51:01.951 +01:00 [INF] Request finished HTTP/1.1 GET http://localhost:5000/swagger - 301 0 null 84.9378ms
2025-11-19 09:51:01.960 +01:00 [INF] Request starting HTTP/1.1 GET http://localhost:5000/swagger/index.html - null null
2025-11-19 09:51:02.052 +01:00 [INF] Request finished HTTP/1.1 GET http://localhost:5000/swagger/index.html - 200 null text/html;charset=utf-8 90.5985ms
2025-11-19 09:51:02.071 +01:00 [INF] Request starting HTTP/1.1 GET http://localhost:5000/swagger/swagger-ui.css - null null
2025-11-19 09:51:02.079 +01:00 [INF] Request starting HTTP/1.1 GET http://localhost:5000/swagger/index.css - null null
2025-11-19 09:51:02.083 +01:00 [INF] Request starting HTTP/1.1 GET http://localhost:5000/swagger/swagger-ui-bundle.js - null null
2025-11-19 09:51:02.091 +01:00 [INF] Request starting HTTP/1.1 GET http://localhost:5000/swagger/swagger-ui-standalone-preset.js - null null
2025-11-19 09:51:02.094 +01:00 [INF] Request starting HTTP/1.1 GET http://localhost:5000/swagger/index.js - null null
2025-11-19 09:51:02.104 +01:00 [INF] Request finished HTTP/1.1 GET http://localhost:5000/swagger/index.js - 200 null application/javascript;charset=utf-8 9.1699ms
2025-11-19 09:51:02.132 +01:00 [INF] Request finished HTTP/1.1 GET http://localhost:5000/swagger/index.css - 200 152 text/css 50.3891ms
2025-11-19 09:51:02.132 +01:00 [INF] Request finished HTTP/1.1 GET http://localhost:5000/swagger/swagger-ui.css - 200 23649 text/css 58.2409ms
2025-11-19 09:51:02.159 +01:00 [INF] Request finished HTTP/1.1 GET http://localhost:5000/swagger/swagger-ui-standalone-preset.js - 200 77354 text/javascript 67.6329ms
2025-11-19 09:51:02.173 +01:00 [INF] Request finished HTTP/1.1 GET http://localhost:5000/swagger/swagger-ui-bundle.js - 200 424834 text/javascript 90.1994ms
2025-11-19 09:51:02.429 +01:00 [INF] Request starting HTTP/1.1 GET http://localhost:5000/swagger/v1/swagger.json - null null
2025-11-19 09:51:02.453 +01:00 [INF] Request starting HTTP/1.1 GET http://localhost:5000/swagger/favicon-32x32.png - null null
2025-11-19 09:51:02.458 +01:00 [INF] Request finished HTTP/1.1 GET http://localhost:5000/swagger/favicon-32x32.png - 200 628 image/png 4.634ms
2025-11-19 09:51:02.543 +01:00 [INF] Request finished HTTP/1.1 GET http://localhost:5000/swagger/v1/swagger.json - 200 null application/json;charset=utf-8 113.6541ms
2025-11-19 09:52:33.520 +01:00 [INF] Request starting HTTP/1.1 GET http://localhost:5000/api/BookingAPI/bookinglist - null null
2025-11-19 09:52:33.541 +01:00 [INF] Executing endpoint 'HealthApp.Controllers.BookingAPIController.BookingList (api)'
2025-11-19 09:52:33.572 +01:00 [INF] Route matched with {action = "BookingList", controller = "BookingAPI"}. Executing controller action with signature System.Threading.Tasks.Task`1[Microsoft.AspNetCore.Mvc.IActionResult] BookingList() on controller HealthApp.Controllers.BookingAPIController (api).
2025-11-19 09:52:34.697 +01:00 [ERR] Failed executing DbCommand (12ms) [Parameters=[], CommandType='"Text"', CommandTimeout='30']
SELECT "b"."BookingId", "b"."Date", "b"."Description", "b"."EmployeeId", "b"."PatientId"
FROM "Bookings" AS "b"
2025-11-19 09:52:34.746 +01:00 [ERR] An exception occurred while iterating over the results of a query for context type 'HealthApp.DAL.BookingDbContext'.
Microsoft.Data.Sqlite.SqliteException (0x80004005): SQLite Error 1: 'no such table: Bookings'.
   at Microsoft.Data.Sqlite.SqliteException.ThrowExceptionForRC(Int32 rc, sqlite3 db)
   at Microsoft.Data.Sqlite.SqliteCommand.PrepareAndEnumerateStatements()+MoveNext()
   at Microsoft.Data.Sqlite.SqliteCommand.GetStatements()+MoveNext()
   at Microsoft.Data.Sqlite.SqliteDataReader.NextResult()
   at Microsoft.Data.Sqlite.SqliteCommand.ExecuteReader(CommandBehavior behavior)
   at Microsoft.Data.Sqlite.SqliteCommand.ExecuteReaderAsync(CommandBehavior behavior, CancellationToken cancellationToken)
   at Microsoft.Data.Sqlite.SqliteCommand.ExecuteDbDataReaderAsync(CommandBehavior behavior, CancellationToken cancellationToken)
   at Microsoft.EntityFrameworkCore.Storage.RelationalCommand.ExecuteReaderAsync(RelationalCommandParameterObject parameterObject, CancellationToken cancellationToken)
   at Microsoft.EntityFrameworkCore.Storage.RelationalCommand.ExecuteReaderAsync(RelationalCommandParameterObject parameterObject, CancellationToken cancellationToken)
   at Microsoft.EntityFrameworkCore.Query.Internal.SingleQueryingEnumerable`1.AsyncEnumerator.InitializeReaderAsync(AsyncEnumerator enumerator, CancellationToken cancellationToken)
   at Microsoft.EntityFrameworkCore.Query.Internal.SingleQueryingEnumerable`1.AsyncEnumerator.MoveNextAsync()
Microsoft.Data.Sqlite.SqliteException (0x80004005): SQLite Error 1: 'no such table: Bookings'.
   at Microsoft.Data.Sqlite.SqliteException.ThrowExceptionForRC(Int32 rc, sqlite3 db)
   at Microsoft.Data.Sqlite.SqliteCommand.PrepareAndEnumerateStatements()+MoveNext()
   at Microsoft.Data.Sqlite.SqliteCommand.GetStatements()+MoveNext()
   at Microsoft.Data.Sqlite.SqliteDataReader.NextResult()
   at Microsoft.Data.Sqlite.SqliteCommand.ExecuteReader(CommandBehavior behavior)
   at Microsoft.Data.Sqlite.SqliteCommand.ExecuteReaderAsync(CommandBehavior behavior, CancellationToken cancellationToken)
   at Microsoft.Data.Sqlite.SqliteCommand.ExecuteDbDataReaderAsync(CommandBehavior behavior, CancellationToken cancellationToken)
   at Microsoft.EntityFrameworkCore.Storage.RelationalCommand.ExecuteReaderAsync(RelationalCommandParameterObject parameterObject, CancellationToken cancellationToken)
   at Microsoft.EntityFrameworkCore.Storage.RelationalCommand.ExecuteReaderAsync(RelationalCommandParameterObject parameterObject, CancellationToken cancellationToken)
   at Microsoft.EntityFrameworkCore.Query.Internal.SingleQueryingEnumerable`1.AsyncEnumerator.InitializeReaderAsync(AsyncEnumerator enumerator, CancellationToken cancellationToken)
   at Microsoft.EntityFrameworkCore.Query.Internal.SingleQueryingEnumerable`1.AsyncEnumerator.MoveNextAsync()
2025-11-19 09:52:34.806 +01:00 [ERR] [BookingRepository] bookings ToListAsync() failed when GetAll(), error message: SQLite Error 1: 'no such table: Bookings'.
2025-11-19 09:52:34.810 +01:00 [ERR] [BookingAPIController] Booking list not found while executing _bookingRepository.GetAll()
2025-11-19 09:52:34.823 +01:00 [INF] Executing NotFoundObjectResult, writing value of type 'System.String'.
2025-11-19 09:52:34.833 +01:00 [INF] Executed action HealthApp.Controllers.BookingAPIController.BookingList (api) in 1252.5372ms
2025-11-19 09:52:34.835 +01:00 [INF] Executed endpoint 'HealthApp.Controllers.BookingAPIController.BookingList (api)'
2025-11-19 09:52:34.845 +01:00 [INF] Request finished HTTP/1.1 GET http://localhost:5000/api/BookingAPI/bookinglist - 404 null text/plain; charset=utf-8 1330.1968ms
2025-11-19 09:53:33.798 +01:00 [INF] Request starting HTTP/1.1 GET http://localhost:5000/swagger/index.html - null null
2025-11-19 09:53:33.800 +01:00 [INF] Request finished HTTP/1.1 GET http://localhost:5000/swagger/index.html - 200 null text/html;charset=utf-8 4.1709ms
2025-11-19 09:53:34.030 +01:00 [INF] Request starting HTTP/1.1 GET http://localhost:5000/swagger/v1/swagger.json - null null
2025-11-19 09:53:34.037 +01:00 [INF] Request finished HTTP/1.1 GET http://localhost:5000/swagger/v1/swagger.json - 200 null application/json;charset=utf-8 12.9967ms
2025-11-19 09:53:39.158 +01:00 [INF] Request starting HTTP/1.1 GET http://localhost:5000/api/BookingAPI/bookinglist - null null
2025-11-19 09:53:39.161 +01:00 [INF] Executing endpoint 'HealthApp.Controllers.BookingAPIController.BookingList (api)'
2025-11-19 09:53:39.164 +01:00 [INF] Route matched with {action = "BookingList", controller = "BookingAPI"}. Executing controller action with signature System.Threading.Tasks.Task`1[Microsoft.AspNetCore.Mvc.IActionResult] BookingList() on controller HealthApp.Controllers.BookingAPIController (api).
2025-11-19 09:53:39.202 +01:00 [ERR] Failed executing DbCommand (1ms) [Parameters=[], CommandType='"Text"', CommandTimeout='30']
SELECT "b"."BookingId", "b"."Date", "b"."Description", "b"."EmployeeId", "b"."PatientId"
FROM "Bookings" AS "b"
2025-11-19 09:53:39.210 +01:00 [ERR] An exception occurred while iterating over the results of a query for context type 'HealthApp.DAL.BookingDbContext'.
Microsoft.Data.Sqlite.SqliteException (0x80004005): SQLite Error 1: 'no such table: Bookings'.
   at Microsoft.Data.Sqlite.SqliteException.ThrowExceptionForRC(Int32 rc, sqlite3 db)
   at Microsoft.Data.Sqlite.SqliteCommand.PrepareAndEnumerateStatements()+MoveNext()
   at Microsoft.Data.Sqlite.SqliteCommand.GetStatements()+MoveNext()
   at Microsoft.Data.Sqlite.SqliteDataReader.NextResult()
   at Microsoft.Data.Sqlite.SqliteCommand.ExecuteReader(CommandBehavior behavior)
   at Microsoft.Data.Sqlite.SqliteCommand.ExecuteReaderAsync(CommandBehavior behavior, CancellationToken cancellationToken)
   at Microsoft.Data.Sqlite.SqliteCommand.ExecuteDbDataReaderAsync(CommandBehavior behavior, CancellationToken cancellationToken)
   at Microsoft.EntityFrameworkCore.Storage.RelationalCommand.ExecuteReaderAsync(RelationalCommandParameterObject parameterObject, CancellationToken cancellationToken)
   at Microsoft.EntityFrameworkCore.Storage.RelationalCommand.ExecuteReaderAsync(RelationalCommandParameterObject parameterObject, CancellationToken cancellationToken)
   at Microsoft.EntityFrameworkCore.Query.Internal.SingleQueryingEnumerable`1.AsyncEnumerator.InitializeReaderAsync(AsyncEnumerator enumerator, CancellationToken cancellationToken)
   at Microsoft.EntityFrameworkCore.Query.Internal.SingleQueryingEnumerable`1.AsyncEnumerator.MoveNextAsync()
Microsoft.Data.Sqlite.SqliteException (0x80004005): SQLite Error 1: 'no such table: Bookings'.
   at Microsoft.Data.Sqlite.SqliteException.ThrowExceptionForRC(Int32 rc, sqlite3 db)
   at Microsoft.Data.Sqlite.SqliteCommand.PrepareAndEnumerateStatements()+MoveNext()
   at Microsoft.Data.Sqlite.SqliteCommand.GetStatements()+MoveNext()
   at Microsoft.Data.Sqlite.SqliteDataReader.NextResult()
   at Microsoft.Data.Sqlite.SqliteCommand.ExecuteReader(CommandBehavior behavior)
   at Microsoft.Data.Sqlite.SqliteCommand.ExecuteReaderAsync(CommandBehavior behavior, CancellationToken cancellationToken)
   at Microsoft.Data.Sqlite.SqliteCommand.ExecuteDbDataReaderAsync(CommandBehavior behavior, CancellationToken cancellationToken)
   at Microsoft.EntityFrameworkCore.Storage.RelationalCommand.ExecuteReaderAsync(RelationalCommandParameterObject parameterObject, CancellationToken cancellationToken)
   at Microsoft.EntityFrameworkCore.Storage.RelationalCommand.ExecuteReaderAsync(RelationalCommandParameterObject parameterObject, CancellationToken cancellationToken)
   at Microsoft.EntityFrameworkCore.Query.Internal.SingleQueryingEnumerable`1.AsyncEnumerator.InitializeReaderAsync(AsyncEnumerator enumerator, CancellationToken cancellationToken)
   at Microsoft.EntityFrameworkCore.Query.Internal.SingleQueryingEnumerable`1.AsyncEnumerator.MoveNextAsync()
2025-11-19 09:53:39.232 +01:00 [ERR] [BookingRepository] bookings ToListAsync() failed when GetAll(), error message: SQLite Error 1: 'no such table: Bookings'.
2025-11-19 09:53:39.234 +01:00 [ERR] [BookingAPIController] Booking list not found while executing _bookingRepository.GetAll()
2025-11-19 09:53:39.236 +01:00 [INF] Executing NotFoundObjectResult, writing value of type 'System.String'.
2025-11-19 09:53:39.239 +01:00 [INF] Executed action HealthApp.Controllers.BookingAPIController.BookingList (api) in 72.6566ms
2025-11-19 09:53:39.241 +01:00 [INF] Executed endpoint 'HealthApp.Controllers.BookingAPIController.BookingList (api)'
2025-11-19 09:53:39.243 +01:00 [INF] Request finished HTTP/1.1 GET http://localhost:5000/api/BookingAPI/bookinglist - 404 null text/plain; charset=utf-8 84.9852ms
2025-11-19 09:53:45.706 +01:00 [INF] Request starting HTTP/1.1 GET http://localhost:5000/api/BookingAPI/bookinglist - null null
2025-11-19 09:53:45.710 +01:00 [INF] Executing endpoint 'HealthApp.Controllers.BookingAPIController.BookingList (api)'
2025-11-19 09:53:45.712 +01:00 [INF] Route matched with {action = "BookingList", controller = "BookingAPI"}. Executing controller action with signature System.Threading.Tasks.Task`1[Microsoft.AspNetCore.Mvc.IActionResult] BookingList() on controller HealthApp.Controllers.BookingAPIController (api).
2025-11-19 09:53:45.760 +01:00 [ERR] Failed executing DbCommand (1ms) [Parameters=[], CommandType='"Text"', CommandTimeout='30']
SELECT "b"."BookingId", "b"."Date", "b"."Description", "b"."EmployeeId", "b"."PatientId"
FROM "Bookings" AS "b"
2025-11-19 09:53:45.765 +01:00 [ERR] An exception occurred while iterating over the results of a query for context type 'HealthApp.DAL.BookingDbContext'.
Microsoft.Data.Sqlite.SqliteException (0x80004005): SQLite Error 1: 'no such table: Bookings'.
   at Microsoft.Data.Sqlite.SqliteException.ThrowExceptionForRC(Int32 rc, sqlite3 db)
   at Microsoft.Data.Sqlite.SqliteCommand.PrepareAndEnumerateStatements()+MoveNext()
   at Microsoft.Data.Sqlite.SqliteCommand.GetStatements()+MoveNext()
   at Microsoft.Data.Sqlite.SqliteDataReader.NextResult()
   at Microsoft.Data.Sqlite.SqliteCommand.ExecuteReader(CommandBehavior behavior)
   at Microsoft.Data.Sqlite.SqliteCommand.ExecuteReaderAsync(CommandBehavior behavior, CancellationToken cancellationToken)
   at Microsoft.Data.Sqlite.SqliteCommand.ExecuteDbDataReaderAsync(CommandBehavior behavior, CancellationToken cancellationToken)
   at Microsoft.EntityFrameworkCore.Storage.RelationalCommand.ExecuteReaderAsync(RelationalCommandParameterObject parameterObject, CancellationToken cancellationToken)
   at Microsoft.EntityFrameworkCore.Storage.RelationalCommand.ExecuteReaderAsync(RelationalCommandParameterObject parameterObject, CancellationToken cancellationToken)
   at Microsoft.EntityFrameworkCore.Query.Internal.SingleQueryingEnumerable`1.AsyncEnumerator.InitializeReaderAsync(AsyncEnumerator enumerator, CancellationToken cancellationToken)
   at Microsoft.EntityFrameworkCore.Query.Internal.SingleQueryingEnumerable`1.AsyncEnumerator.MoveNextAsync()
Microsoft.Data.Sqlite.SqliteException (0x80004005): SQLite Error 1: 'no such table: Bookings'.
   at Microsoft.Data.Sqlite.SqliteException.ThrowExceptionForRC(Int32 rc, sqlite3 db)
   at Microsoft.Data.Sqlite.SqliteCommand.PrepareAndEnumerateStatements()+MoveNext()
   at Microsoft.Data.Sqlite.SqliteCommand.GetStatements()+MoveNext()
   at Microsoft.Data.Sqlite.SqliteDataReader.NextResult()
   at Microsoft.Data.Sqlite.SqliteCommand.ExecuteReader(CommandBehavior behavior)
   at Microsoft.Data.Sqlite.SqliteCommand.ExecuteReaderAsync(CommandBehavior behavior, CancellationToken cancellationToken)
   at Microsoft.Data.Sqlite.SqliteCommand.ExecuteDbDataReaderAsync(CommandBehavior behavior, CancellationToken cancellationToken)
   at Microsoft.EntityFrameworkCore.Storage.RelationalCommand.ExecuteReaderAsync(RelationalCommandParameterObject parameterObject, CancellationToken cancellationToken)
   at Microsoft.EntityFrameworkCore.Storage.RelationalCommand.ExecuteReaderAsync(RelationalCommandParameterObject parameterObject, CancellationToken cancellationToken)
   at Microsoft.EntityFrameworkCore.Query.Internal.SingleQueryingEnumerable`1.AsyncEnumerator.InitializeReaderAsync(AsyncEnumerator enumerator, CancellationToken cancellationToken)
   at Microsoft.EntityFrameworkCore.Query.Internal.SingleQueryingEnumerable`1.AsyncEnumerator.MoveNextAsync()
2025-11-19 09:53:45.790 +01:00 [ERR] [BookingRepository] bookings ToListAsync() failed when GetAll(), error message: SQLite Error 1: 'no such table: Bookings'.
2025-11-19 09:53:45.792 +01:00 [ERR] [BookingAPIController] Booking list not found while executing _bookingRepository.GetAll()
2025-11-19 09:53:45.794 +01:00 [INF] Executing NotFoundObjectResult, writing value of type 'System.String'.
2025-11-19 09:53:45.796 +01:00 [INF] Executed action HealthApp.Controllers.BookingAPIController.BookingList (api) in 82.2694ms
2025-11-19 09:53:45.798 +01:00 [INF] Executed endpoint 'HealthApp.Controllers.BookingAPIController.BookingList (api)'
2025-11-19 09:53:45.801 +01:00 [INF] Request finished HTTP/1.1 GET http://localhost:5000/api/BookingAPI/bookinglist - 404 null text/plain; charset=utf-8 93.7347ms
2025-11-19 09:55:58.944 +01:00 [INF] Request starting HTTP/1.1 GET http://localhost:5000/.well-known/appspecific/com.chrome.devtools.json - null null
2025-11-19 09:55:58.956 +01:00 [INF] Request finished HTTP/1.1 GET http://localhost:5000/.well-known/appspecific/com.chrome.devtools.json - 404 0 null 15.8436ms
2025-11-19 09:55:58.967 +01:00 [INF] Request reached the end of the middleware pipeline without being handled by application code. Request path: GET http://localhost:5000/.well-known/appspecific/com.chrome.devtools.json, Response status code: 404
2025-11-19 09:56:21.487 +01:00 [INF] Request starting HTTP/1.1 GET http://localhost:5000/api/BookingAPI/bookinglist - null null
2025-11-19 09:56:21.493 +01:00 [INF] Executing endpoint 'HealthApp.Controllers.BookingAPIController.BookingList (api)'
2025-11-19 09:56:21.497 +01:00 [INF] Route matched with {action = "BookingList", controller = "BookingAPI"}. Executing controller action with signature System.Threading.Tasks.Task`1[Microsoft.AspNetCore.Mvc.IActionResult] BookingList() on controller HealthApp.Controllers.BookingAPIController (api).
2025-11-19 09:56:21.501 +01:00 [ERR] Failed executing DbCommand (1ms) [Parameters=[], CommandType='"Text"', CommandTimeout='30']
SELECT "b"."BookingId", "b"."Date", "b"."Description", "b"."EmployeeId", "b"."PatientId"
FROM "Bookings" AS "b"
2025-11-19 09:56:21.508 +01:00 [ERR] An exception occurred while iterating over the results of a query for context type 'HealthApp.DAL.BookingDbContext'.
Microsoft.Data.Sqlite.SqliteException (0x80004005): SQLite Error 1: 'no such table: Bookings'.
   at Microsoft.Data.Sqlite.SqliteException.ThrowExceptionForRC(Int32 rc, sqlite3 db)
   at Microsoft.Data.Sqlite.SqliteCommand.PrepareAndEnumerateStatements()+MoveNext()
   at Microsoft.Data.Sqlite.SqliteCommand.GetStatements()+MoveNext()
   at Microsoft.Data.Sqlite.SqliteDataReader.NextResult()
   at Microsoft.Data.Sqlite.SqliteCommand.ExecuteReader(CommandBehavior behavior)
   at Microsoft.Data.Sqlite.SqliteCommand.ExecuteReaderAsync(CommandBehavior behavior, CancellationToken cancellationToken)
   at Microsoft.Data.Sqlite.SqliteCommand.ExecuteDbDataReaderAsync(CommandBehavior behavior, CancellationToken cancellationToken)
   at Microsoft.EntityFrameworkCore.Storage.RelationalCommand.ExecuteReaderAsync(RelationalCommandParameterObject parameterObject, CancellationToken cancellationToken)
   at Microsoft.EntityFrameworkCore.Storage.RelationalCommand.ExecuteReaderAsync(RelationalCommandParameterObject parameterObject, CancellationToken cancellationToken)
   at Microsoft.EntityFrameworkCore.Query.Internal.SingleQueryingEnumerable`1.AsyncEnumerator.InitializeReaderAsync(AsyncEnumerator enumerator, CancellationToken cancellationToken)
   at Microsoft.EntityFrameworkCore.Query.Internal.SingleQueryingEnumerable`1.AsyncEnumerator.MoveNextAsync()
Microsoft.Data.Sqlite.SqliteException (0x80004005): SQLite Error 1: 'no such table: Bookings'.
   at Microsoft.Data.Sqlite.SqliteException.ThrowExceptionForRC(Int32 rc, sqlite3 db)
   at Microsoft.Data.Sqlite.SqliteCommand.PrepareAndEnumerateStatements()+MoveNext()
   at Microsoft.Data.Sqlite.SqliteCommand.GetStatements()+MoveNext()
   at Microsoft.Data.Sqlite.SqliteDataReader.NextResult()
   at Microsoft.Data.Sqlite.SqliteCommand.ExecuteReader(CommandBehavior behavior)
   at Microsoft.Data.Sqlite.SqliteCommand.ExecuteReaderAsync(CommandBehavior behavior, CancellationToken cancellationToken)
   at Microsoft.Data.Sqlite.SqliteCommand.ExecuteDbDataReaderAsync(CommandBehavior behavior, CancellationToken cancellationToken)
   at Microsoft.EntityFrameworkCore.Storage.RelationalCommand.ExecuteReaderAsync(RelationalCommandParameterObject parameterObject, CancellationToken cancellationToken)
   at Microsoft.EntityFrameworkCore.Storage.RelationalCommand.ExecuteReaderAsync(RelationalCommandParameterObject parameterObject, CancellationToken cancellationToken)
   at Microsoft.EntityFrameworkCore.Query.Internal.SingleQueryingEnumerable`1.AsyncEnumerator.InitializeReaderAsync(AsyncEnumerator enumerator, CancellationToken cancellationToken)
   at Microsoft.EntityFrameworkCore.Query.Internal.SingleQueryingEnumerable`1.AsyncEnumerator.MoveNextAsync()
2025-11-19 09:56:21.532 +01:00 [ERR] [BookingRepository] bookings ToListAsync() failed when GetAll(), error message: SQLite Error 1: 'no such table: Bookings'.
2025-11-19 09:56:21.535 +01:00 [ERR] [BookingAPIController] Booking list not found while executing _bookingRepository.GetAll()
2025-11-19 09:56:21.537 +01:00 [INF] Executing NotFoundObjectResult, writing value of type 'System.String'.
2025-11-19 09:56:21.541 +01:00 [INF] Executed action HealthApp.Controllers.BookingAPIController.BookingList (api) in 40.7971ms
2025-11-19 09:56:21.546 +01:00 [INF] Executed endpoint 'HealthApp.Controllers.BookingAPIController.BookingList (api)'
2025-11-19 09:56:21.549 +01:00 [INF] Request finished HTTP/1.1 GET http://localhost:5000/api/BookingAPI/bookinglist - 404 null text/plain; charset=utf-8 61.1429ms
