2025-11-19 09:58:25.187 +01:00 [INF] Now listening on: http://localhost:5000
2025-11-19 09:58:25.202 +01:00 [INF] Application started. Press Ctrl+C to shut down.
2025-11-19 09:58:25.204 +01:00 [INF] Hosting environment: Development
2025-11-19 09:58:25.206 +01:00 [INF] Content root path: C:\Users\stian\Documents\IT\Health_App_react
2025-11-19 09:58:25.531 +01:00 [INF] Request starting HTTP/1.1 GET http://localhost:5000/swagger/v1/swagger.json - null null
2025-11-19 09:58:25.618 +01:00 [INF] Request finished HTTP/1.1 GET http://localhost:5000/swagger/v1/swagger.json - 200 null application/json;charset=utf-8 91.9928ms
2025-11-19 09:58:31.238 +01:00 [INF] Request starting HTTP/1.1 GET http://localhost:5000/api/BookingAPI/bookinglist - null null
2025-11-19 09:58:31.265 +01:00 [INF] Executing endpoint 'HealthApp.Controllers.BookingAPIController.BookingList (api)'
2025-11-19 09:58:31.289 +01:00 [INF] Route matched with {action = "BookingList", controller = "BookingAPI"}. Executing controller action with signature System.Threading.Tasks.Task`1[Microsoft.AspNetCore.Mvc.IActionResult] BookingList() on controller HealthApp.Controllers.BookingAPIController (api).
2025-11-19 09:58:32.216 +01:00 [ERR] Failed executing DbCommand (8ms) [Parameters=[], CommandType='"Text"', CommandTimeout='30']
SELECT "b"."BookingId", "b"."Date", "b"."Description", "b"."EmployeeId", "b"."PatientId"
FROM "Bookings" AS "b"
2025-11-19 09:58:32.258 +01:00 [ERR] An exception occurred while iterating over the results of a query for context type 'HealthApp.DAL.BookingDbContext'.
Microsoft.Data.Sqlite.SqliteException (0x80004005): SQLite Error 1: 'no such table: Bookings'.
   at Microsoft.Data.Sqlite.SqliteException.ThrowExceptionForRC(Int32 rc, sqlite3 db)
   at Microsoft.Data.Sqlite.SqliteCommand.PrepareAndEnumerateStatements()+MoveNext()
   at Microsoft.Data.Sqlite.SqliteCommand.GetStatements()+MoveNext()
   at Microsoft.Data.Sqlite.SqliteDataReader.NextResult()
   at Microsoft.Data.Sqlite.SqliteCommand.ExecuteReader(CommandBehavior behavior)
   at Microsoft.Data.Sqlite.SqliteCommand.ExecuteReaderAsync(CommandBehavior behavior, CancellationToken cancellationToken)
   at Microsoft.Data.Sqlite.SqliteCommand.ExecuteDbDataReaderAsync(CommandBehavior behavior, CancellationToken cancellationToken)
   at Microsoft.EntityFrameworkCore.Storage.RelationalCommand.ExecuteReaderAsync(RelationalCommandParameterObject parameterObject, CancellationToken cancellationToken)
   at Microsoft.EntityFrameworkCore.Storage.RelationalCommand.ExecuteReaderAsync(RelationalCommandParameterObject parameterObject, CancellationToken cancellationToken)
   at Microsoft.EntityFrameworkCore.Query.Internal.SingleQueryingEnumerable`1.AsyncEnumerator.InitializeReaderAsync(AsyncEnumerator enumerator, CancellationToken cancellationToken)
   at Microsoft.EntityFrameworkCore.Query.Internal.SingleQueryingEnumerable`1.AsyncEnumerator.MoveNextAsync()
Microsoft.Data.Sqlite.SqliteException (0x80004005): SQLite Error 1: 'no such table: Bookings'.
   at Microsoft.Data.Sqlite.SqliteException.ThrowExceptionForRC(Int32 rc, sqlite3 db)
   at Microsoft.Data.Sqlite.SqliteCommand.PrepareAndEnumerateStatements()+MoveNext()
   at Microsoft.Data.Sqlite.SqliteCommand.GetStatements()+MoveNext()
   at Microsoft.Data.Sqlite.SqliteDataReader.NextResult()
   at Microsoft.Data.Sqlite.SqliteCommand.ExecuteReader(CommandBehavior behavior)
   at Microsoft.Data.Sqlite.SqliteCommand.ExecuteReaderAsync(CommandBehavior behavior, CancellationToken cancellationToken)
   at Microsoft.Data.Sqlite.SqliteCommand.ExecuteDbDataReaderAsync(CommandBehavior behavior, CancellationToken cancellationToken)
   at Microsoft.EntityFrameworkCore.Storage.RelationalCommand.ExecuteReaderAsync(RelationalCommandParameterObject parameterObject, CancellationToken cancellationToken)
   at Microsoft.EntityFrameworkCore.Storage.RelationalCommand.ExecuteReaderAsync(RelationalCommandParameterObject parameterObject, CancellationToken cancellationToken)
   at Microsoft.EntityFrameworkCore.Query.Internal.SingleQueryingEnumerable`1.AsyncEnumerator.InitializeReaderAsync(AsyncEnumerator enumerator, CancellationToken cancellationToken)
   at Microsoft.EntityFrameworkCore.Query.Internal.SingleQueryingEnumerable`1.AsyncEnumerator.MoveNextAsync()
2025-11-19 09:58:32.305 +01:00 [ERR] [BookingRepository] bookings ToListAsync() failed when GetAll(), error message: SQLite Error 1: 'no such table: Bookings'.
2025-11-19 09:58:32.308 +01:00 [ERR] [BookingAPIController] Booking list not found while executing _bookingRepository.GetAll()
2025-11-19 09:58:32.319 +01:00 [INF] Executing NotFoundObjectResult, writing value of type 'System.String'.
2025-11-19 09:58:32.331 +01:00 [INF] Executed action HealthApp.Controllers.BookingAPIController.BookingList (api) in 1032.5181ms
2025-11-19 09:58:32.334 +01:00 [INF] Executed endpoint 'HealthApp.Controllers.BookingAPIController.BookingList (api)'
2025-11-19 09:58:32.342 +01:00 [INF] Request finished HTTP/1.1 GET http://localhost:5000/api/BookingAPI/bookinglist - 404 null text/plain; charset=utf-8 1105.1138ms
